<?xml version="1.0" encoding="UTF-8"?>
<!-- Generated by org.testng.reporters.JUnitXMLReporter -->
<testsuite ignored="2" hostname="BLR1-LHP-N61317" failures="0" tests="1" name="Default test" time="4.558" errors="0" timestamp="04 Dec 2019 02:01:42 GMT">
  <testcase classname="com.qa.api.gorest.tests.GetImgurAPI" name="getAccountBase" time="1.173"/>
  <testcase classname="com.qa.api.gorest.tests.GetImgurAPI" name="getAccountBlockStatus" time="0.0">
    <ignored/>
  </testcase> <!-- getAccountBlockStatus -->
  <testcase classname="com.qa.api.gorest.tests.GetImgurAPI" name="uploadImagePostAPITest" time="0.0">
    <ignored/>
  </testcase> <!-- uploadImagePostAPITest -->
</testsuite> <!-- Default test -->
