<?xml version="1.0" encoding="UTF-8"?>
<!-- Generated by org.testng.reporters.JUnitXMLReporter -->
<testsuite ignored="1" hostname="BLR1-LHP-N61317" failures="0" tests="1" name="Default test" time="4.534" errors="0" timestamp="29 Nov 2019 02:33:49 GMT">
  <testcase classname="com.qa.api.gorest.tests.GetImgurAPI" name="getAccountBase" time="1.478"/>
  <testcase classname="com.qa.api.gorest.tests.GetImgurAPI" name="getAccountBlockStatus" time="0.0">
    <ignored/>
  </testcase> <!-- getAccountBlockStatus -->
</testsuite> <!-- Default test -->
