<?xml version="1.0" encoding="UTF-8"?>
<!-- Generated by org.testng.reporters.JUnitXMLReporter -->
<testsuite ignored="0" hostname="BLR1-LHP-N61317" failures="4" tests="9" name="Test" time="28.034" errors="0" timestamp="31 Dec 2019 05:15:37 GMT">
  <testcase classname="com.qa.api.gorest.tests.CreateUserTest" name="createUserPostCall" time="0.011">
    <failure type="java.lang.NullPointerException">
      <![CDATA[java.lang.NullPointerException
at com.qa.api.gorest.tests.CreateUserTest.createUserPostCall(CreateUserTest.java:32)
... Removed 25 stack frames]]>
    </failure>
  </testcase> <!-- createUserPostCall -->
  <testcase classname="com.qa.api.gorest.tests.CreateUserTest" name="createUserPostCall" time="0.002">
    <failure type="java.lang.NullPointerException">
      <![CDATA[java.lang.NullPointerException
at com.qa.api.gorest.tests.CreateUserTest.createUserPostCall(CreateUserTest.java:32)
... Removed 25 stack frames]]>
    </failure>
  </testcase> <!-- createUserPostCall -->
  <testcase classname="com.qa.api.gorest.tests.CreateUserTest" name="createUserPostCall" time="0.001">
    <failure type="java.lang.NullPointerException">
      <![CDATA[java.lang.NullPointerException
at com.qa.api.gorest.tests.CreateUserTest.createUserPostCall(CreateUserTest.java:32)
... Removed 25 stack frames]]>
    </failure>
  </testcase> <!-- createUserPostCall -->
  <testcase classname="com.qa.api.gorest.tests.CreateUserTest" name="createUserPostCall" time="0.001">
    <failure type="java.lang.NullPointerException">
      <![CDATA[java.lang.NullPointerException
at com.qa.api.gorest.tests.CreateUserTest.createUserPostCall(CreateUserTest.java:32)
... Removed 25 stack frames]]>
    </failure>
  </testcase> <!-- createUserPostCall -->
  <testcase classname="com.qa.api.gorest.tests.GetImgurAPI" name="getAccountBase" time="1.92"/>
  <testcase classname="com.qa.api.gorest.tests.GetImgurAPI" name="getAccountBlockStatus" time="1.969"/>
  <testcase classname="com.qa.api.gorest.tests.GetImgurAPI" name="uploadImagePostAPITest" time="16.925"/>
  <testcase classname="com.qa.api.gorest.tests.GetUserAPI" name="getAllUserData" time="0.832"/>
  <testcase classname="com.qa.api.gorest.tests.GetUserAPI" name="getUserData" time="0.464"/>
</testsuite> <!-- Test -->
