<?xml version="1.0" encoding="UTF-8"?>
<testng-results ignored="1" total="2" passed="1" failed="0" skipped="0">
  <reporter-output>
  </reporter-output>
  <suite started-at="2019-11-29T02:33:44Z" name="Default suite" finished-at="2019-11-29T02:33:49Z" duration-ms="4534">
    <groups>
    </groups>
    <test started-at="2019-11-29T02:33:44Z" name="Default test" finished-at="2019-11-29T02:33:49Z" duration-ms="4534">
      <class name="com.qa.api.gorest.tests.GetImgurAPI">
        <test-method is-config="true" signature="setUp()[pri:0, instance:com.qa.api.gorest.tests.GetImgurAPI@bae7dc0]" started-at="2019-11-29T02:33:44Z" name="setUp" finished-at="2019-11-29T02:33:47Z" duration-ms="3040" status="PASS">
          <reporter-output>
          </reporter-output>
        </test-method> <!-- setUp -->
        <test-method signature="getAccountBase()[pri:0, instance:com.qa.api.gorest.tests.GetImgurAPI@bae7dc0]" started-at="2019-11-29T02:33:47Z" name="getAccountBase" finished-at="2019-11-29T02:33:49Z" duration-ms="1478" status="PASS">
          <reporter-output>
          </reporter-output>
        </test-method> <!-- getAccountBase -->
      </class> <!-- com.qa.api.gorest.tests.GetImgurAPI -->
    </test> <!-- Default test -->
  </suite> <!-- Default suite -->
</testng-results>
