<?xml version="1.0" encoding="UTF-8"?>
<testng-results ignored="0" total="9" passed="5" failed="4" skipped="0">
  <reporter-output>
  </reporter-output>
  <suite started-at="2019-12-31T05:15:09Z" name="Suite" finished-at="2019-12-31T05:15:37Z" duration-ms="28034">
    <groups>
    </groups>
    <test started-at="2019-12-31T05:15:09Z" name="Test" finished-at="2019-12-31T05:15:37Z" duration-ms="28034">
      <class name="com.qa.api.gorest.tests.GetImgurAPI">
        <test-method is-config="true" signature="setUp()[pri:0, instance:com.qa.api.gorest.tests.GetImgurAPI@2ed2d9cb]" started-at="2019-12-31T05:15:09Z" name="setUp" finished-at="2019-12-31T05:15:12Z" duration-ms="3015" status="PASS">
          <reporter-output>
          </reporter-output>
        </test-method> <!-- setUp -->
        <test-method signature="getAccountBase()[pri:0, instance:com.qa.api.gorest.tests.GetImgurAPI@2ed2d9cb]" started-at="2019-12-31T05:15:12Z" name="getAccountBase" finished-at="2019-12-31T05:15:14Z" duration-ms="1920" status="PASS">
          <reporter-output>
          </reporter-output>
        </test-method> <!-- getAccountBase -->
        <test-method is-config="true" signature="setUp()[pri:0, instance:com.qa.api.gorest.tests.GetImgurAPI@2ed2d9cb]" started-at="2019-12-31T05:15:14Z" name="setUp" finished-at="2019-12-31T05:15:15Z" duration-ms="1188" status="PASS">
          <reporter-output>
          </reporter-output>
        </test-method> <!-- setUp -->
        <test-method signature="getAccountBlockStatus()[pri:0, instance:com.qa.api.gorest.tests.GetImgurAPI@2ed2d9cb]" started-at="2019-12-31T05:15:15Z" name="getAccountBlockStatus" finished-at="2019-12-31T05:15:17Z" duration-ms="1969" status="PASS">
          <reporter-output>
          </reporter-output>
        </test-method> <!-- getAccountBlockStatus -->
        <test-method is-config="true" signature="setUp()[pri:0, instance:com.qa.api.gorest.tests.GetImgurAPI@2ed2d9cb]" started-at="2019-12-31T05:15:17Z" name="setUp" finished-at="2019-12-31T05:15:18Z" duration-ms="1084" status="PASS">
          <reporter-output>
          </reporter-output>
        </test-method> <!-- setUp -->
        <test-method signature="uploadImagePostAPITest()[pri:0, instance:com.qa.api.gorest.tests.GetImgurAPI@2ed2d9cb]" started-at="2019-12-31T05:15:18Z" name="uploadImagePostAPITest" finished-at="2019-12-31T05:15:35Z" duration-ms="16925" status="PASS">
          <reporter-output>
          </reporter-output>
        </test-method> <!-- uploadImagePostAPITest -->
      </class> <!-- com.qa.api.gorest.tests.GetImgurAPI -->
      <class name="com.qa.api.gorest.tests.CreateUserTest">
        <test-method signature="createUserPostCall(java.lang.String, java.lang.String, java.lang.String, java.lang.String, java.lang.String, java.lang.String, java.lang.String, java.lang.String, java.lang.String)[pri:0, instance:com.qa.api.gorest.tests.CreateUserTest@6392827e]" started-at="2019-12-31T05:15:09Z" name="createUserPostCall" data-provider="getUserData" finished-at="2019-12-31T05:15:09Z" duration-ms="11" status="FAIL">
          <params>
            <param index="0">
              <value>
                <![CDATA[Aditya]]>
              </value>
            </param>
            <param index="1">
              <value>
                <![CDATA[D]]>
              </value>
            </param>
            <param index="2">
              <value>
                <![CDATA[male]]>
              </value>
            </param>
            <param index="3">
              <value>
                <![CDATA[19-09-2019]]>
              </value>
            </param>
            <param index="4">
              <value>
                <![CDATA[abc9@gmail.com]]>
              </value>
            </param>
            <param index="5">
              <value>
                <![CDATA[1.234566899E9]]>
              </value>
            </param>
            <param index="6">
              <value>
                <![CDATA[http://abc.com]]>
              </value>
            </param>
            <param index="7">
              <value>
                <![CDATA[BTM]]>
              </value>
            </param>
            <param index="8">
              <value>
                <![CDATA[active]]>
              </value>
            </param>
          </params>
          <exception class="java.lang.NullPointerException">
            <full-stacktrace>
              <![CDATA[java.lang.NullPointerException
at com.qa.api.gorest.tests.CreateUserTest.createUserPostCall(CreateUserTest.java:32)
at java.base/jdk.internal.reflect.NativeMethodAccessorImpl.invoke0(Native Method)
at java.base/jdk.internal.reflect.NativeMethodAccessorImpl.invoke(NativeMethodAccessorImpl.java:62)
at java.base/jdk.internal.reflect.DelegatingMethodAccessorImpl.invoke(DelegatingMethodAccessorImpl.java:43)
at java.base/java.lang.reflect.Method.invoke(Method.java:566)
at org.testng.internal.MethodInvocationHelper.invokeMethod(MethodInvocationHelper.java:124)
at org.testng.internal.Invoker.invokeMethod(Invoker.java:580)
at org.testng.internal.Invoker.invokeTestMethod(Invoker.java:716)
at org.testng.internal.Invoker.invokeTestMethods(Invoker.java:988)
at org.testng.internal.TestMethodWorker.invokeTestMethods(TestMethodWorker.java:125)
at org.testng.internal.TestMethodWorker.run(TestMethodWorker.java:109)
at org.testng.TestRunner.privateRun(TestRunner.java:648)
at org.testng.TestRunner.run(TestRunner.java:505)
at org.testng.SuiteRunner.runTest(SuiteRunner.java:455)
at org.testng.SuiteRunner.runSequentially(SuiteRunner.java:450)
at org.testng.SuiteRunner.privateRun(SuiteRunner.java:415)
at org.testng.SuiteRunner.run(SuiteRunner.java:364)
at org.testng.SuiteRunnerWorker.runSuite(SuiteRunnerWorker.java:52)
at org.testng.SuiteRunnerWorker.run(SuiteRunnerWorker.java:84)
at org.testng.TestNG.runSuitesSequentially(TestNG.java:1208)
at org.testng.TestNG.runSuitesLocally(TestNG.java:1137)
at org.testng.TestNG.runSuites(TestNG.java:1049)
at org.testng.TestNG.run(TestNG.java:1017)
at org.testng.remote.AbstractRemoteTestNG.run(AbstractRemoteTestNG.java:114)
at org.testng.remote.RemoteTestNG.initAndRun(RemoteTestNG.java:251)
at org.testng.remote.RemoteTestNG.main(RemoteTestNG.java:77)
]]>
            </full-stacktrace>
          </exception> <!-- java.lang.NullPointerException -->
          <reporter-output>
          </reporter-output>
        </test-method> <!-- createUserPostCall -->
        <test-method signature="createUserPostCall(java.lang.String, java.lang.String, java.lang.String, java.lang.String, java.lang.String, java.lang.String, java.lang.String, java.lang.String, java.lang.String)[pri:0, instance:com.qa.api.gorest.tests.CreateUserTest@6392827e]" started-at="2019-12-31T05:15:09Z" name="createUserPostCall" data-provider="getUserData" finished-at="2019-12-31T05:15:09Z" duration-ms="2" status="FAIL">
          <params>
            <param index="0">
              <value>
                <![CDATA[Ambika]]>
              </value>
            </param>
            <param index="1">
              <value>
                <![CDATA[S]]>
              </value>
            </param>
            <param index="2">
              <value>
                <![CDATA[female]]>
              </value>
            </param>
            <param index="3">
              <value>
                <![CDATA[19-09-1988]]>
              </value>
            </param>
            <param index="4">
              <value>
                <![CDATA[abc10@gmail.com]]>
              </value>
            </param>
            <param index="5">
              <value>
                <![CDATA[1.2345668E9]]>
              </value>
            </param>
            <param index="6">
              <value>
                <![CDATA[http://abc.com]]>
              </value>
            </param>
            <param index="7">
              <value>
                <![CDATA[BNS]]>
              </value>
            </param>
            <param index="8">
              <value>
                <![CDATA[active]]>
              </value>
            </param>
          </params>
          <exception class="java.lang.NullPointerException">
            <full-stacktrace>
              <![CDATA[java.lang.NullPointerException
at com.qa.api.gorest.tests.CreateUserTest.createUserPostCall(CreateUserTest.java:32)
at java.base/jdk.internal.reflect.NativeMethodAccessorImpl.invoke0(Native Method)
at java.base/jdk.internal.reflect.NativeMethodAccessorImpl.invoke(NativeMethodAccessorImpl.java:62)
at java.base/jdk.internal.reflect.DelegatingMethodAccessorImpl.invoke(DelegatingMethodAccessorImpl.java:43)
at java.base/java.lang.reflect.Method.invoke(Method.java:566)
at org.testng.internal.MethodInvocationHelper.invokeMethod(MethodInvocationHelper.java:124)
at org.testng.internal.Invoker.invokeMethod(Invoker.java:580)
at org.testng.internal.Invoker.invokeTestMethod(Invoker.java:716)
at org.testng.internal.Invoker.invokeTestMethods(Invoker.java:988)
at org.testng.internal.TestMethodWorker.invokeTestMethods(TestMethodWorker.java:125)
at org.testng.internal.TestMethodWorker.run(TestMethodWorker.java:109)
at org.testng.TestRunner.privateRun(TestRunner.java:648)
at org.testng.TestRunner.run(TestRunner.java:505)
at org.testng.SuiteRunner.runTest(SuiteRunner.java:455)
at org.testng.SuiteRunner.runSequentially(SuiteRunner.java:450)
at org.testng.SuiteRunner.privateRun(SuiteRunner.java:415)
at org.testng.SuiteRunner.run(SuiteRunner.java:364)
at org.testng.SuiteRunnerWorker.runSuite(SuiteRunnerWorker.java:52)
at org.testng.SuiteRunnerWorker.run(SuiteRunnerWorker.java:84)
at org.testng.TestNG.runSuitesSequentially(TestNG.java:1208)
at org.testng.TestNG.runSuitesLocally(TestNG.java:1137)
at org.testng.TestNG.runSuites(TestNG.java:1049)
at org.testng.TestNG.run(TestNG.java:1017)
at org.testng.remote.AbstractRemoteTestNG.run(AbstractRemoteTestNG.java:114)
at org.testng.remote.RemoteTestNG.initAndRun(RemoteTestNG.java:251)
at org.testng.remote.RemoteTestNG.main(RemoteTestNG.java:77)
]]>
            </full-stacktrace>
          </exception> <!-- java.lang.NullPointerException -->
          <reporter-output>
          </reporter-output>
        </test-method> <!-- createUserPostCall -->
        <test-method signature="createUserPostCall(java.lang.String, java.lang.String, java.lang.String, java.lang.String, java.lang.String, java.lang.String, java.lang.String, java.lang.String, java.lang.String)[pri:0, instance:com.qa.api.gorest.tests.CreateUserTest@6392827e]" started-at="2019-12-31T05:15:09Z" name="createUserPostCall" data-provider="getUserData" finished-at="2019-12-31T05:15:09Z" duration-ms="1" status="FAIL">
          <params>
            <param index="0">
              <value>
                <![CDATA[Amar]]>
              </value>
            </param>
            <param index="1">
              <value>
                <![CDATA[S]]>
              </value>
            </param>
            <param index="2">
              <value>
                <![CDATA[male]]>
              </value>
            </param>
            <param index="3">
              <value>
                <![CDATA[19-09-1990]]>
              </value>
            </param>
            <param index="4">
              <value>
                <![CDATA[abc11@gmail.com]]>
              </value>
            </param>
            <param index="5">
              <value>
                <![CDATA[1.234566887E9]]>
              </value>
            </param>
            <param index="6">
              <value>
                <![CDATA[http://abc.com]]>
              </value>
            </param>
            <param index="7">
              <value>
                <![CDATA[Vijay Bank]]>
              </value>
            </param>
            <param index="8">
              <value>
                <![CDATA[inactive]]>
              </value>
            </param>
          </params>
          <exception class="java.lang.NullPointerException">
            <full-stacktrace>
              <![CDATA[java.lang.NullPointerException
at com.qa.api.gorest.tests.CreateUserTest.createUserPostCall(CreateUserTest.java:32)
at java.base/jdk.internal.reflect.NativeMethodAccessorImpl.invoke0(Native Method)
at java.base/jdk.internal.reflect.NativeMethodAccessorImpl.invoke(NativeMethodAccessorImpl.java:62)
at java.base/jdk.internal.reflect.DelegatingMethodAccessorImpl.invoke(DelegatingMethodAccessorImpl.java:43)
at java.base/java.lang.reflect.Method.invoke(Method.java:566)
at org.testng.internal.MethodInvocationHelper.invokeMethod(MethodInvocationHelper.java:124)
at org.testng.internal.Invoker.invokeMethod(Invoker.java:580)
at org.testng.internal.Invoker.invokeTestMethod(Invoker.java:716)
at org.testng.internal.Invoker.invokeTestMethods(Invoker.java:988)
at org.testng.internal.TestMethodWorker.invokeTestMethods(TestMethodWorker.java:125)
at org.testng.internal.TestMethodWorker.run(TestMethodWorker.java:109)
at org.testng.TestRunner.privateRun(TestRunner.java:648)
at org.testng.TestRunner.run(TestRunner.java:505)
at org.testng.SuiteRunner.runTest(SuiteRunner.java:455)
at org.testng.SuiteRunner.runSequentially(SuiteRunner.java:450)
at org.testng.SuiteRunner.privateRun(SuiteRunner.java:415)
at org.testng.SuiteRunner.run(SuiteRunner.java:364)
at org.testng.SuiteRunnerWorker.runSuite(SuiteRunnerWorker.java:52)
at org.testng.SuiteRunnerWorker.run(SuiteRunnerWorker.java:84)
at org.testng.TestNG.runSuitesSequentially(TestNG.java:1208)
at org.testng.TestNG.runSuitesLocally(TestNG.java:1137)
at org.testng.TestNG.runSuites(TestNG.java:1049)
at org.testng.TestNG.run(TestNG.java:1017)
at org.testng.remote.AbstractRemoteTestNG.run(AbstractRemoteTestNG.java:114)
at org.testng.remote.RemoteTestNG.initAndRun(RemoteTestNG.java:251)
at org.testng.remote.RemoteTestNG.main(RemoteTestNG.java:77)
]]>
            </full-stacktrace>
          </exception> <!-- java.lang.NullPointerException -->
          <reporter-output>
          </reporter-output>
        </test-method> <!-- createUserPostCall -->
        <test-method signature="createUserPostCall(java.lang.String, java.lang.String, java.lang.String, java.lang.String, java.lang.String, java.lang.String, java.lang.String, java.lang.String, java.lang.String)[pri:0, instance:com.qa.api.gorest.tests.CreateUserTest@6392827e]" started-at="2019-12-31T05:15:09Z" name="createUserPostCall" data-provider="getUserData" finished-at="2019-12-31T05:15:09Z" duration-ms="1" status="FAIL">
          <params>
            <param index="0">
              <value>
                <![CDATA[Ramesh]]>
              </value>
            </param>
            <param index="1">
              <value>
                <![CDATA[P]]>
              </value>
            </param>
            <param index="2">
              <value>
                <![CDATA[male]]>
              </value>
            </param>
            <param index="3">
              <value>
                <![CDATA[19-09-1987]]>
              </value>
            </param>
            <param index="4">
              <value>
                <![CDATA[abc12@gmail.com]]>
              </value>
            </param>
            <param index="5">
              <value>
                <![CDATA[1.234566834E9]]>
              </value>
            </param>
            <param index="6">
              <value>
                <![CDATA[http://abc.com]]>
              </value>
            </param>
            <param index="7">
              <value>
                <![CDATA[BTM]]>
              </value>
            </param>
            <param index="8">
              <value>
                <![CDATA[active]]>
              </value>
            </param>
          </params>
          <exception class="java.lang.NullPointerException">
            <full-stacktrace>
              <![CDATA[java.lang.NullPointerException
at com.qa.api.gorest.tests.CreateUserTest.createUserPostCall(CreateUserTest.java:32)
at java.base/jdk.internal.reflect.NativeMethodAccessorImpl.invoke0(Native Method)
at java.base/jdk.internal.reflect.NativeMethodAccessorImpl.invoke(NativeMethodAccessorImpl.java:62)
at java.base/jdk.internal.reflect.DelegatingMethodAccessorImpl.invoke(DelegatingMethodAccessorImpl.java:43)
at java.base/java.lang.reflect.Method.invoke(Method.java:566)
at org.testng.internal.MethodInvocationHelper.invokeMethod(MethodInvocationHelper.java:124)
at org.testng.internal.Invoker.invokeMethod(Invoker.java:580)
at org.testng.internal.Invoker.invokeTestMethod(Invoker.java:716)
at org.testng.internal.Invoker.invokeTestMethods(Invoker.java:988)
at org.testng.internal.TestMethodWorker.invokeTestMethods(TestMethodWorker.java:125)
at org.testng.internal.TestMethodWorker.run(TestMethodWorker.java:109)
at org.testng.TestRunner.privateRun(TestRunner.java:648)
at org.testng.TestRunner.run(TestRunner.java:505)
at org.testng.SuiteRunner.runTest(SuiteRunner.java:455)
at org.testng.SuiteRunner.runSequentially(SuiteRunner.java:450)
at org.testng.SuiteRunner.privateRun(SuiteRunner.java:415)
at org.testng.SuiteRunner.run(SuiteRunner.java:364)
at org.testng.SuiteRunnerWorker.runSuite(SuiteRunnerWorker.java:52)
at org.testng.SuiteRunnerWorker.run(SuiteRunnerWorker.java:84)
at org.testng.TestNG.runSuitesSequentially(TestNG.java:1208)
at org.testng.TestNG.runSuitesLocally(TestNG.java:1137)
at org.testng.TestNG.runSuites(TestNG.java:1049)
at org.testng.TestNG.run(TestNG.java:1017)
at org.testng.remote.AbstractRemoteTestNG.run(AbstractRemoteTestNG.java:114)
at org.testng.remote.RemoteTestNG.initAndRun(RemoteTestNG.java:251)
at org.testng.remote.RemoteTestNG.main(RemoteTestNG.java:77)
]]>
            </full-stacktrace>
          </exception> <!-- java.lang.NullPointerException -->
          <reporter-output>
          </reporter-output>
        </test-method> <!-- createUserPostCall -->
      </class> <!-- com.qa.api.gorest.tests.CreateUserTest -->
      <class name="com.qa.api.gorest.tests.GetUserAPI">
        <test-method signature="getAllUserData()[pri:1, instance:com.qa.api.gorest.tests.GetUserAPI@d5b810e]" started-at="2019-12-31T05:15:35Z" name="getAllUserData" finished-at="2019-12-31T05:15:36Z" duration-ms="832" status="PASS">
          <reporter-output>
          </reporter-output>
        </test-method> <!-- getAllUserData -->
        <test-method signature="getUserData()[pri:2, instance:com.qa.api.gorest.tests.GetUserAPI@d5b810e]" started-at="2019-12-31T05:15:36Z" name="getUserData" finished-at="2019-12-31T05:15:37Z" duration-ms="464" status="PASS">
          <reporter-output>
          </reporter-output>
        </test-method> <!-- getUserData -->
      </class> <!-- com.qa.api.gorest.tests.GetUserAPI -->
    </test> <!-- Test -->
  </suite> <!-- Suite -->
</testng-results>
